2024-10-21 18:29:34,223 [ 1] INFO  Unity: LoadingManager start
2024-10-21 18:29:40,416 [ 1] INFO  Unity: DataManager > DataManager()
2024-10-21 18:30:05,410 [ 1] INFO  Unity: UserLoginRequest::user :test psw:123
2024-10-21 18:30:05,411 [ 1] INFO  Unity: ConnectToServer() Start 
2024-10-21 18:30:05,415 [ 1] INFO  Unity: DoConnect
2024-10-21 18:30:05,417 [ 1] INFO  Unity: NetClient.DoConnect on 127.0.0.1:8000
2024-10-21 18:30:05,422 [ 1] INFO  Unity: Connect[0] to server 127.0.0.1:8000

2024-10-21 18:30:05,427 [ 1] INFO  Unity: LoadingMesager::OnGameServerConnect :0 reason:Success
2024-10-21 18:30:05,730 [ 1] INFO  Unity: OnUserLogin:Success [µ«¬Ω≥…π¶]
2024-10-21 18:30:05,731 [ 1] INFO  Unity: LoadLevel: CharSelect
2024-10-21 18:30:05,852 [ 1] INFO  Unity: LevelLoadCompleted:1
2024-10-21 18:30:07,000 [ 1] INFO  Unity: Select Char:[1]test1[Archer]
2024-10-21 18:31:15,071 [ 1] INFO  Unity: UserGameEnterRequest::CharacterID:0
2024-10-21 18:31:15,089 [ 1] INFO  Unity: OnGameEnter: Success  [None] 
2024-10-21 18:31:15,091 [ 1] INFO  Unity: OnCharacterEnter: 1 
2024-10-21 18:31:15,092 [ 1] INFO  Unity: LoadLevel: MainCity
2024-10-21 18:31:15,093 [ 1] INFO  Unity: OnMapCharacterEnter:Map1 Count:2
2024-10-21 18:31:15,096 [ 1] INFO  Unity: AddCharacter: 1 : test1 Map: 1 Entity: (2:pos:(5000,4000,820),dir:(100,0,0),spd:0
2024-10-21 18:31:15,099 [ 1] INFO  Unity: AddCharacter: 4 : ≤‚ ‘ Map: 1 Entity: (1:pos:(5000,4000,820),dir:(100,0,0),spd:0
2024-10-21 18:31:15,100 [ 1] INFO  Unity: LoadLevel: MainCity
2024-10-21 18:31:15,571 [ 1] INFO  Unity: LevelLoadCompleted:1
2024-10-21 18:31:16,060 [ 1] INFO  Unity: LevelLoadCompleted:1
2024-10-21 18:31:16,612 [ 1] INFO  Unity: SetDirection:(98, 19, 0)
2024-10-21 18:31:16,717 [ 1] INFO  Unity: SetDirection:(93, 37, 0)
2024-10-21 18:31:16,797 [ 1] INFO  Unity: SetDirection:(85, 53, 0)
2024-10-21 18:31:16,893 [ 1] INFO  Unity: SetDirection:(72, 69, 0)
2024-10-21 18:31:16,918 [ 1] INFO  Unity: MoveForward
2024-10-21 18:31:16,921 [ 1] INFO  Unity: MoveForward
2024-10-21 18:31:17,004 [ 1] INFO  Unity: SetDirection:(57, 82, 0)
2024-10-21 18:31:17,079 [ 1] INFO  Unity: SetPosition:(5036, 4041, 805)
2024-10-21 18:31:17,148 [ 1] INFO  Unity: SetDirection:(41, 91, 0)
2024-10-21 18:31:17,250 [ 1] INFO  Unity: SetPosition:(5060, 4085, 805)
2024-10-21 18:31:17,404 [ 1] INFO  Unity: SetPosition:(5078, 4126, 805)
2024-10-21 18:31:17,554 [ 1] INFO  Unity: SetPosition:(5097, 4167, 805)
2024-10-21 18:31:17,566 [ 1] INFO  Unity: SetDirection:(24, 97, 0)
2024-10-21 18:31:17,678 [ 1] INFO  Unity: SetDirection:(4, 100, 0)
2024-10-21 18:31:17,716 [ 1] INFO  Unity: SetPosition:(5108, 4216, 805)
2024-10-21 18:31:17,786 [ 1] INFO  Unity: SetDirection:(-17, 99, 0)
2024-10-21 18:31:17,891 [ 1] INFO  Unity: SetDirection:(-37, 93, 0)
2024-10-21 18:31:17,893 [ 1] INFO  Unity: SetPosition:(5103, 4266, 805)
2024-10-21 18:31:17,997 [ 1] INFO  Unity: SetDirection:(-55, 84, 0)
2024-10-21 18:31:18,052 [ 1] INFO  Unity: SetPosition:(5082, 4311, 805)
2024-10-21 18:31:18,238 [ 1] INFO  Unity: SetPosition:(5052, 4357, 805)
2024-10-21 18:31:18,424 [ 1] INFO  Unity: SetDirection:(-69, 73, 0)
2024-10-21 18:31:18,425 [ 1] INFO  Unity: SetPosition:(5021, 4403, 805)
2024-10-21 18:31:18,488 [ 1] INFO  Unity: Stop
2024-10-21 18:31:18,489 [ 1] INFO  Unity: Stop
2024-10-21 18:31:18,570 [ 1] INFO  Unity: SetDirection:(-80, 59, 0)
2024-10-21 18:31:18,665 [ 1] INFO  Unity: SetDirection:(-90, 43, 0)
2024-10-21 18:31:18,757 [ 1] INFO  Unity: SetDirection:(-96, 26, 0)
2024-10-21 18:31:18,848 [ 1] INFO  Unity: SetDirection:(-100, 6, 0)
2024-10-21 18:31:18,939 [ 1] INFO  Unity: SetDirection:(-99, -12, 0)
2024-10-21 18:31:19,038 [ 1] INFO  Unity: SetDirection:(-95, -32, 0)
2024-10-21 18:31:19,116 [ 1] INFO  Unity: SetDirection:(-88, -48, 0)
2024-10-21 18:31:19,206 [ 1] INFO  Unity: SetDirection:(-78, -62, 0)
2024-10-21 18:31:19,291 [ 1] INFO  Unity: SetDirection:(-66, -75, 0)
2024-10-21 18:31:19,375 [ 1] INFO  Unity: SetDirection:(-52, -85, 0)
2024-10-21 18:31:19,475 [ 1] INFO  Unity: SetDirection:(-35, -94, 0)
2024-10-21 18:31:19,615 [ 1] INFO  Unity: MoveBack
2024-10-21 18:31:19,615 [ 1] INFO  Unity: MoveBack
2024-10-21 18:31:19,644 [ 1] INFO  Unity: SetDirection:(-17, -99, 0)
2024-10-21 18:31:19,704 [ 1] INFO  Unity: SetPosition:(5019, 4446, 805)
2024-10-21 18:31:19,852 [ 1] INFO  Unity: SetPosition:(5018, 4488, 805)
2024-10-21 18:31:20,016 [ 1] INFO  Unity: SetPosition:(5034, 4534, 805)
2024-10-21 18:31:20,173 [ 1] INFO  Unity: SetPosition:(5033, 4576, 805)
2024-10-21 18:31:20,289 [ 1] INFO  Unity: SetDirection:(1, -100, 0)
2024-10-21 18:31:20,335 [ 1] INFO  Unity: SetPosition:(5047, 4622, 805)
2024-10-21 18:31:20,362 [ 1] INFO  Unity: Stop
2024-10-21 18:31:20,362 [ 1] INFO  Unity: Stop
2024-10-21 18:31:33,527 [ 1] INFO  Unity: OnMapCharacterLeave: CharID: 4
2024-10-21 18:31:33,527 [ 1] INFO  Unity: RemoveCharacter: 4
2024-10-21 18:31:33,529 [ 1] INFO  Unity: Character_4_≤‚ ‘ OnDestroy :ID:1 POS:(5000, 4000, 820) DIR:(100, 0, 0) SPD:0 
2024-10-21 18:31:33,530 [ 1] INFO  Unity: Character_4_≤‚ ‘ OnDestroy :ID:1 POS:(5000, 4000, 820) DIR:(100, 0, 0) SPD:0 
2024-10-21 18:31:34,762 [ 1] INFO  Unity: SetDirection:(19, -98, 0)
2024-10-21 18:31:34,870 [ 1] INFO  Unity: SetDirection:(36, -93, 0)
2024-10-21 18:31:34,972 [ 1] INFO  Unity: SetDirection:(55, -84, 0)
2024-10-21 18:31:35,062 [ 1] INFO  Unity: SetDirection:(71, -71, 0)
2024-10-21 18:31:35,155 [ 1] INFO  Unity: SetDirection:(82, -57, 0)
2024-10-21 18:31:35,251 [ 1] INFO  Unity: SetDirection:(92, -39, 0)
2024-10-21 18:31:35,335 [ 1] INFO  Unity: SetDirection:(97, -22, 0)
2024-10-21 18:31:35,432 [ 1] INFO  Unity: SetDirection:(100, -2, 0)
2024-10-21 18:31:35,521 [ 1] INFO  Unity: SetDirection:(99, 16, 0)
2024-10-21 18:31:35,617 [ 1] INFO  Unity: SetDirection:(93, 36, 0)
2024-10-21 18:31:35,720 [ 1] INFO  Unity: SetDirection:(84, 55, 0)
2024-10-21 18:31:35,820 [ 1] INFO  Unity: SetDirection:(71, 71, 0)
2024-10-21 18:31:35,844 [ 1] INFO  Unity: MoveBack
2024-10-21 18:31:35,845 [ 1] INFO  Unity: MoveBack
2024-10-21 18:31:35,924 [ 1] INFO  Unity: SetDirection:(57, 82, 0)
2024-10-21 18:31:35,984 [ 1] INFO  Unity: SetPosition:(5016, 4587, 805)
2024-10-21 18:31:36,153 [ 1] INFO  Unity: SetPosition:(4989, 4549, 805)
2024-10-21 18:31:36,316 [ 1] INFO  Unity: SetPosition:(4963, 4510, 805)
2024-10-21 18:31:36,491 [ 1] INFO  Unity: SetPosition:(4936, 4472, 805)
2024-10-21 18:31:36,658 [ 1] INFO  Unity: SetPosition:(4909, 4433, 805)
2024-10-21 18:31:36,819 [ 1] INFO  Unity: SetPosition:(4883, 4395, 805)
2024-10-21 18:31:36,986 [ 1] INFO  Unity: SetPosition:(4856, 4357, 805)
2024-10-21 18:31:37,159 [ 1] INFO  Unity: SetPosition:(4829, 4318, 805)
2024-10-21 18:31:37,320 [ 1] INFO  Unity: SetDirection:(72, 69, 0)
2024-10-21 18:31:37,320 [ 1] INFO  Unity: SetPosition:(4803, 4280, 805)
2024-10-21 18:31:37,418 [ 1] INFO  Unity: SetDirection:(85, 53, 0)
2024-10-21 18:31:37,486 [ 1] INFO  Unity: SetPosition:(4767, 4251, 805)
2024-10-21 18:31:37,505 [ 1] INFO  Unity: SetDirection:(93, 37, 0)
2024-10-21 18:31:37,607 [ 1] INFO  Unity: Stop
2024-10-21 18:31:37,609 [ 1] INFO  Unity: SetDirection:(99, 17, 0)
2024-10-21 18:31:37,609 [ 1] INFO  Unity: Stop
2024-10-21 18:31:37,620 [ 1] INFO  Unity: MoveForward
2024-10-21 18:31:37,620 [ 1] INFO  Unity: MoveForward
2024-10-21 18:31:37,707 [ 1] INFO  Unity: SetDirection:(100, -4, 0)
2024-10-21 18:31:37,810 [ 1] INFO  Unity: SetDirection:(98, -22, 0)
2024-10-21 18:31:37,895 [ 1] INFO  Unity: SetPosition:(4815, 4238, 805)
2024-10-21 18:31:37,998 [ 1] INFO  Unity: SetDirection:(92, -39, 0)
2024-10-21 18:31:38,053 [ 1] INFO  Unity: SetPosition:(4863, 4223, 805)
2024-10-21 18:31:38,208 [ 1] INFO  Unity: SetPosition:(4904, 4205, 805)
2024-10-21 18:31:38,355 [ 1] INFO  Unity: SetPosition:(4946, 4188, 805)
2024-10-21 18:31:38,503 [ 1] INFO  Unity: SetPosition:(4987, 4170, 805)
2024-10-21 18:31:38,654 [ 1] INFO  Unity: SetPosition:(5029, 4152, 805)
2024-10-21 18:31:38,816 [ 1] INFO  Unity: SetPosition:(5070, 4135, 805)
2024-10-21 18:31:38,962 [ 1] INFO  Unity: SetPosition:(5112, 4117, 805)
2024-10-21 18:31:39,108 [ 1] INFO  Unity: SetPosition:(5153, 4100, 805)
2024-10-21 18:31:39,155 [ 1] INFO  Unity: SetDirection:(83, -56, 0)
2024-10-21 18:31:39,260 [ 1] INFO  Unity: SetDirection:(71, -70, 0)
2024-10-21 18:31:39,279 [ 1] INFO  Unity: SetPosition:(5195, 4072, 805)
2024-10-21 18:31:39,355 [ 1] INFO  Unity: SetDirection:(55, -83, 0)
2024-10-21 18:31:39,424 [ 1] INFO  Unity: SetPosition:(5223, 4037, 805)
2024-10-21 18:31:39,451 [ 1] INFO  Unity: SetDirection:(40, -92, 0)
2024-10-21 18:31:39,528 [ 1] INFO  Unity: SetDirection:(23, -97, 0)
2024-10-21 18:31:39,573 [ 1] INFO  Unity: SetPosition:(5251, 3998, 805)
2024-10-21 18:31:39,628 [ 1] INFO  Unity: SetDirection:(6, -100, 0)
2024-10-21 18:31:39,745 [ 1] INFO  Unity: SetPosition:(5256, 3949, 805)
2024-10-21 18:31:39,822 [ 1] INFO  Unity: SetDirection:(-12, -99, 0)
2024-10-21 18:31:39,913 [ 1] INFO  Unity: Stop
2024-10-21 18:31:39,914 [ 1] INFO  Unity: Stop
2024-10-21 18:31:39,915 [ 1] INFO  Unity: SetPosition:(5255, 3904, 805)
2024-10-21 18:31:41,605 [ 1] INFO  Unity: Character_1_test1 OnDestroy :ID:2 POS:(5255, 3904, 805) DIR:(-12, -99, 0) SPD:0 
2024-10-21 18:31:41,606 [ 1] INFO  Unity: Character_1_test1 OnDestroy :ID:2 POS:(5255, 3904, 805) DIR:(-12, -99, 0) SPD:0 
2024-10-21 18:31:41,607 [ 1] INFO  Unity: OnDestroy NetworkManager.
2024-10-21 18:31:41,607 [ 1] WARN  Unity: CloseConnection(), errorCode: 1007
UnityEngine.Debug:LogWarning(Object)
Network.NetClient:CloseConnection(Int32) (at Assets/Scripts/Network/NetClient.cs:180)
Network.NetClient:OnDestroy() (at Assets/Scripts/Network/NetClient.cs:175)

